Connecting to database specified by database.yml
Connecting to database specified by database.yml
Connecting to database specified by database.yml
Connecting to database specified by database.yml
Connecting to database specified by database.yml
Connecting to database specified by database.yml
Connecting to database specified by database.yml
Connecting to database specified by database.yml
Connecting to database specified by database.yml
Started GET "/" for 219.142.69.78 at 2015-11-30 11:14:29 +0800
Processing by AdminsController#login as HTML
  Rendered admins/login.html.erb within layouts/application (1.6ms)
  Rendered shared/_shim.html.erb (0.3ms)
  Rendered shared/_header.html.erb (1.1ms)
  Rendered layouts/_footer.html.erb (0.5ms)
Completed 200 OK in 10ms (Views: 9.4ms | ActiveRecord: 0.0ms)
Started GET "/assets/application-71574fe750ad84ced934ac1ad4a74e2e.js" for 219.142.69.78 at 2015-11-30 11:14:29 +0800
Started GET "/assets/application-6a522d0c8ac1c2cd917c2a4882db5ad8.css" for 219.142.69.78 at 2015-11-30 11:14:29 +0800
Compiled jquery.js  (2ms)  (pid 16150)
Error compiling asset application.css:
Sprockets::FileNotFound: couldn't find file 'font-awesome'
  (in /home/smartwifi/configServer/app/assets/stylesheets/application.css:13)
Served asset /application-6a522d0c8ac1c2cd917c2a4882db5ad8.css - 500 Internal Server Error


Compiled jquery_ujs.js  (0ms)  (pid 16150)
Compiled address.js  (2ms)  (pid 16150)
Compiled admins.js  (75ms)  (pid 16150)
Compiled bootstrap-switch.min.js  (0ms)  (pid 16150)
Compiled bootstrap.min.js  (0ms)  (pid 16150)
Compiled global.js  (27ms)  (pid 16150)
Compiled jquery-1.11.0.js  (2ms)  (pid 16150)
Compiled jquery.pnotify.js  (0ms)  (pid 16150)
Compiled jquery.validate.min.js  (0ms)  (pid 16150)
Compiled logs.js  (1ms)  (pid 16150)
Compiled md5.js  (0ms)  (pid 16150)
Compiled messages_zh.js  (0ms)  (pid 16150)
Compiled resources.js  (0ms)  (pid 16150)
Compiled upload.js  (0ms)  (pid 16150)
Compiled bootstrap-transition.js  (0ms)  (pid 16150)
Compiled bootstrap-alert.js  (0ms)  (pid 16150)
Compiled bootstrap-button.js  (0ms)  (pid 16150)
Compiled bootstrap-carousel.js  (0ms)  (pid 16150)
Compiled bootstrap-collapse.js  (0ms)  (pid 16150)
Compiled bootstrap-dropdown.js  (0ms)  (pid 16150)
Compiled bootstrap-modal.js  (0ms)  (pid 16150)
Compiled bootstrap-scrollspy.js  (0ms)  (pid 16150)
Compiled bootstrap-tab.js  (0ms)  (pid 16150)
Compiled bootstrap-tooltip.js  (0ms)  (pid 16150)
Compiled bootstrap-popover.js  (0ms)  (pid 16150)
Compiled bootstrap-typeahead.js  (0ms)  (pid 16150)
Compiled bootstrap.js  (99ms)  (pid 16150)
Compiled application.js  (352ms)  (pid 16150)
Served asset /application-71574fe750ad84ced934ac1ad4a74e2e.js - 200 OK (14978ms)
Connecting to database specified by database.yml
Connecting to database specified by database.yml
Connecting to database specified by database.yml
Connecting to database specified by database.yml
Connecting to database specified by database.yml
Connecting to database specified by database.yml
Connecting to database specified by database.yml
Connecting to database specified by database.yml
Connecting to database specified by database.yml
Started GET "/" for 219.142.69.78 at 2015-11-30 11:18:35 +0800
Processing by AdminsController#login as HTML
  Rendered admins/login.html.erb within layouts/application (1.7ms)
  Rendered shared/_shim.html.erb (0.3ms)
  Rendered shared/_header.html.erb (1.2ms)
  Rendered layouts/_footer.html.erb (0.5ms)
Completed 200 OK in 10ms (Views: 9.8ms | ActiveRecord: 0.0ms)
Started GET "/assets/application-6a522d0c8ac1c2cd917c2a4882db5ad8.css" for 219.142.69.78 at 2015-11-30 11:18:35 +0800
Error compiling asset application.css:
Sprockets::FileNotFound: couldn't find file 'font-awesome'
  (in /home/smartwifi/configServer/app/assets/stylesheets/application.css:13)
Served asset /application-6a522d0c8ac1c2cd917c2a4882db5ad8.css - 500 Internal Server Error


Started GET "/" for 219.142.69.78 at 2015-11-30 11:20:39 +0800
Processing by AdminsController#login as HTML
  Rendered admins/login.html.erb within layouts/application (1.4ms)
  Rendered shared/_shim.html.erb (0.2ms)
  Rendered shared/_header.html.erb (0.9ms)
  Rendered layouts/_footer.html.erb (0.4ms)
Completed 200 OK in 8ms (Views: 7.5ms | ActiveRecord: 0.0ms)
Started GET "/assets/application-6a522d0c8ac1c2cd917c2a4882db5ad8.css" for 219.142.69.78 at 2015-11-30 11:20:39 +0800
Error compiling asset application.css:
Sprockets::FileNotFound: couldn't find file 'font-awesome'
  (in /home/smartwifi/configServer/app/assets/stylesheets/application.css:13)
Served asset /application-6a522d0c8ac1c2cd917c2a4882db5ad8.css - 500 Internal Server Error


Started GET "/" for 219.142.69.78 at 2015-11-30 11:20:41 +0800
Processing by AdminsController#login as HTML
  Rendered admins/login.html.erb within layouts/application (1.7ms)
  Rendered shared/_shim.html.erb (0.2ms)
  Rendered shared/_header.html.erb (0.9ms)
  Rendered layouts/_footer.html.erb (0.4ms)
Completed 200 OK in 8ms (Views: 7.7ms | ActiveRecord: 0.0ms)
Started GET "/assets/application-6a522d0c8ac1c2cd917c2a4882db5ad8.css" for 219.142.69.78 at 2015-11-30 11:20:41 +0800
Error compiling asset application.css:
Sprockets::FileNotFound: couldn't find file 'font-awesome'
  (in /home/smartwifi/configServer/app/assets/stylesheets/application.css:13)
Served asset /application-6a522d0c8ac1c2cd917c2a4882db5ad8.css - 500 Internal Server Error


Compiled jquery.js  (1ms)  (pid 16601)
Compiled jquery_ujs.js  (0ms)  (pid 16601)
Compiled address.js  (2ms)  (pid 16601)
Compiled admins.js  (66ms)  (pid 16601)
Compiled bootstrap-switch.min.js  (0ms)  (pid 16601)
Compiled bootstrap.min.js  (0ms)  (pid 16601)
Compiled global.js  (0ms)  (pid 16601)
Compiled jquery-1.11.0.js  (1ms)  (pid 16601)
Compiled jquery.pnotify.js  (0ms)  (pid 16601)
Compiled jquery.validate.min.js  (0ms)  (pid 16601)
Compiled logs.js  (1ms)  (pid 16601)
Compiled md5.js  (0ms)  (pid 16601)
Compiled messages_zh.js  (0ms)  (pid 16601)
Compiled resources.js  (0ms)  (pid 16601)
Compiled upload.js  (0ms)  (pid 16601)
Compiled bootstrap-transition.js  (0ms)  (pid 16601)
Compiled bootstrap-alert.js  (0ms)  (pid 16601)
Compiled bootstrap-button.js  (0ms)  (pid 16601)
Compiled bootstrap-carousel.js  (0ms)  (pid 16601)
Compiled bootstrap-collapse.js  (0ms)  (pid 16601)
Compiled bootstrap-dropdown.js  (0ms)  (pid 16601)
Compiled bootstrap-modal.js  (0ms)  (pid 16601)
Compiled bootstrap-scrollspy.js  (0ms)  (pid 16601)
Compiled bootstrap-tab.js  (0ms)  (pid 16601)
Compiled bootstrap-tooltip.js  (0ms)  (pid 16601)
Compiled bootstrap-popover.js  (0ms)  (pid 16601)
Compiled bootstrap-typeahead.js  (0ms)  (pid 16601)
Compiled bootstrap.js  (70ms)  (pid 16601)
Compiled application.js  (318ms)  (pid 16601)
Warning. Error encountered while saving cache /home/smartwifi/configServer/tmp/cache/sass/afba52aab1d4a1a2662d50797b601d3469f26393/admins.css.scssc: can't dump anonymous class #<Class:0x00000003f8dc40>
Compiled admins.css  (27ms)  (pid 16601)
Warning. Error encountered while saving cache /home/smartwifi/configServer/tmp/cache/sass/afba52aab1d4a1a2662d50797b601d3469f26393/custom.css.scssc: can't dump anonymous class #<Class:0x00000003f8dc40>
Warning. Error encountered while saving cache /home/smartwifi/configServer/tmp/cache/sass/a687074d48e716b28c18503ece95cead85b385b5/_bootstrap.scssc: can't dump anonymous class #<Class:0x00000003f8dc40>
Warning. Error encountered while saving cache /home/smartwifi/configServer/tmp/cache/sass/3b8041ed1a0c7ebba1160cae2e8ea25803d16c56/_variables.scssc: can't dump anonymous class #<Class:0x00000003f8dc40>
Warning. Error encountered while saving cache /home/smartwifi/configServer/tmp/cache/sass/3b8041ed1a0c7ebba1160cae2e8ea25803d16c56/_mixins.scssc: can't dump anonymous class #<Class:0x00000003f8dc40>
Warning. Error encountered while saving cache /home/smartwifi/configServer/tmp/cache/sass/3b8041ed1a0c7ebba1160cae2e8ea25803d16c56/_reset.scssc: can't dump anonymous class #<Class:0x00000003f8dc40>
Warning. Error encountered while saving cache /home/smartwifi/configServer/tmp/cache/sass/3b8041ed1a0c7ebba1160cae2e8ea25803d16c56/_scaffolding.scssc: can't dump anonymous class #<Class:0x00000003f8dc40>
Warning. Error encountered while saving cache /home/smartwifi/configServer/tmp/cache/sass/3b8041ed1a0c7ebba1160cae2e8ea25803d16c56/_grid.scssc: can't dump anonymous class #<Class:0x00000003f8dc40>
Warning. Error encountered while saving cache /home/smartwifi/configServer/tmp/cache/sass/3b8041ed1a0c7ebba1160cae2e8ea25803d16c56/_layouts.scssc: can't dump anonymous class #<Class:0x00000003f8dc40>
Warning. Error encountered while saving cache /home/smartwifi/configServer/tmp/cache/sass/3b8041ed1a0c7ebba1160cae2e8ea25803d16c56/_type.scssc: can't dump anonymous class #<Class:0x00000003f8dc40>
Warning. Error encountered while saving cache /home/smartwifi/configServer/tmp/cache/sass/3b8041ed1a0c7ebba1160cae2e8ea25803d16c56/_code.scssc: can't dump anonymous class #<Class:0x00000003f8dc40>
Warning. Error encountered while saving cache /home/smartwifi/configServer/tmp/cache/sass/3b8041ed1a0c7ebba1160cae2e8ea25803d16c56/_forms.scssc: can't dump anonymous class #<Class:0x00000003f8dc40>
Warning. Error encountered while saving cache /home/smartwifi/configServer/tmp/cache/sass/3b8041ed1a0c7ebba1160cae2e8ea25803d16c56/_tables.scssc: can't dump anonymous class #<Class:0x00000003f8dc40>
Warning. Error encountered while saving cache /home/smartwifi/configServer/tmp/cache/sass/3b8041ed1a0c7ebba1160cae2e8ea25803d16c56/_sprites.scssc: can't dump anonymous class #<Class:0x00000003f8dc40>
Warning. Error encountered while saving cache /home/smartwifi/configServer/tmp/cache/sass/3b8041ed1a0c7ebba1160cae2e8ea25803d16c56/_dropdowns.scssc: can't dump anonymous class #<Class:0x00000003f8dc40>
Warning. Error encountered while saving cache /home/smartwifi/configServer/tmp/cache/sass/3b8041ed1a0c7ebba1160cae2e8ea25803d16c56/_wells.scssc: can't dump anonymous class #<Class:0x00000003f8dc40>
Warning. Error encountered while saving cache /home/smartwifi/configServer/tmp/cache/sass/3b8041ed1a0c7ebba1160cae2e8ea25803d16c56/_component-animations.scssc: can't dump anonymous class #<Class:0x00000003f8dc40>
Warning. Error encountered while saving cache /home/smartwifi/configServer/tmp/cache/sass/3b8041ed1a0c7ebba1160cae2e8ea25803d16c56/_close.scssc: can't dump anonymous class #<Class:0x00000003f8dc40>
Warning. Error encountered while saving cache /home/smartwifi/configServer/tmp/cache/sass/3b8041ed1a0c7ebba1160cae2e8ea25803d16c56/_buttons.scssc: can't dump anonymous class #<Class:0x00000003f8dc40>
Warning. Error encountered while saving cache /home/smartwifi/configServer/tmp/cache/sass/3b8041ed1a0c7ebba1160cae2e8ea25803d16c56/_button-groups.scssc: can't dump anonymous class #<Class:0x00000003f8dc40>
Warning. Error encountered while saving cache /home/smartwifi/configServer/tmp/cache/sass/3b8041ed1a0c7ebba1160cae2e8ea25803d16c56/_alerts.scssc: can't dump anonymous class #<Class:0x00000003f8dc40>
Warning. Error encountered while saving cache /home/smartwifi/configServer/tmp/cache/sass/3b8041ed1a0c7ebba1160cae2e8ea25803d16c56/_navs.scssc: can't dump anonymous class #<Class:0x00000003f8dc40>
Warning. Error encountered while saving cache /home/smartwifi/configServer/tmp/cache/sass/3b8041ed1a0c7ebba1160cae2e8ea25803d16c56/_navbar.scssc: can't dump anonymous class #<Class:0x00000003f8dc40>
Warning. Error encountered while saving cache /home/smartwifi/configServer/tmp/cache/sass/3b8041ed1a0c7ebba1160cae2e8ea25803d16c56/_breadcrumbs.scssc: can't dump anonymous class #<Class:0x00000003f8dc40>
Warning. Error encountered while saving cache /home/smartwifi/configServer/tmp/cache/sass/3b8041ed1a0c7ebba1160cae2e8ea25803d16c56/_pagination.scssc: can't dump anonymous class #<Class:0x00000003f8dc40>
Warning. Error encountered while saving cache /home/smartwifi/configServer/tmp/cache/sass/3b8041ed1a0c7ebba1160cae2e8ea25803d16c56/_pager.scssc: can't dump anonymous class #<Class:0x00000003f8dc40>
Warning. Error encountered while saving cache /home/smartwifi/configServer/tmp/cache/sass/3b8041ed1a0c7ebba1160cae2e8ea25803d16c56/_modals.scssc: can't dump anonymous class #<Class:0x00000003f8dc40>
Warning. Error encountered while saving cache /home/smartwifi/configServer/tmp/cache/sass/3b8041ed1a0c7ebba1160cae2e8ea25803d16c56/_tooltip.scssc: can't dump anonymous class #<Class:0x00000003f8dc40>
Warning. Error encountered while saving cache /home/smartwifi/configServer/tmp/cache/sass/3b8041ed1a0c7ebba1160cae2e8ea25803d16c56/_popovers.scssc: can't dump anonymous class #<Class:0x00000003f8dc40>
Warning. Error encountered while saving cache /home/smartwifi/configServer/tmp/cache/sass/3b8041ed1a0c7ebba1160cae2e8ea25803d16c56/_thumbnails.scssc: can't dump anonymous class #<Class:0x00000003f8dc40>
Warning. Error encountered while saving cache /home/smartwifi/configServer/tmp/cache/sass/3b8041ed1a0c7ebba1160cae2e8ea25803d16c56/_labels-badges.scssc: can't dump anonymous class #<Class:0x00000003f8dc40>
Warning. Error encountered while saving cache /home/smartwifi/configServer/tmp/cache/sass/3b8041ed1a0c7ebba1160cae2e8ea25803d16c56/_progress-bars.scssc: can't dump anonymous class #<Class:0x00000003f8dc40>
Warning. Error encountered while saving cache /home/smartwifi/configServer/tmp/cache/sass/3b8041ed1a0c7ebba1160cae2e8ea25803d16c56/_accordion.scssc: can't dump anonymous class #<Class:0x00000003f8dc40>
Warning. Error encountered while saving cache /home/smartwifi/configServer/tmp/cache/sass/3b8041ed1a0c7ebba1160cae2e8ea25803d16c56/_carousel.scssc: can't dump anonymous class #<Class:0x00000003f8dc40>
Warning. Error encountered while saving cache /home/smartwifi/configServer/tmp/cache/sass/3b8041ed1a0c7ebba1160cae2e8ea25803d16c56/_hero-unit.scssc: can't dump anonymous class #<Class:0x00000003f8dc40>
Warning. Error encountered while saving cache /home/smartwifi/configServer/tmp/cache/sass/3b8041ed1a0c7ebba1160cae2e8ea25803d16c56/_utilities.scssc: can't dump anonymous class #<Class:0x00000003f8dc40>
Compiled custom.css  (1051ms)  (pid 16601)
Warning. Error encountered while saving cache /home/smartwifi/configServer/tmp/cache/sass/afba52aab1d4a1a2662d50797b601d3469f26393/logs.css.scssc: can't dump anonymous class #<Class:0x00000003f8dc40>
Compiled logs.css  (1ms)  (pid 16601)
Compiled register/bootstrap-switch.css  (0ms)  (pid 16601)
Compiled register/bootstrap.min.css  (0ms)  (pid 16601)
Compiled register/css.css  (0ms)  (pid 16601)
Compiled register/default.css  (0ms)  (pid 16601)
Compiled register/font-awesome.min.css  (0ms)  (pid 16601)
Compiled register/ionicons.min.css  (0ms)  (pid 16601)
Compiled register/jquery.pnotify.default.css  (0ms)  (pid 16601)
Compiled register/jquery.pnotify.default.icons.css  (0ms)  (pid 16601)
Compiled register/plugins.css  (0ms)  (pid 16601)
Compiled register/print.css  (0ms)  (pid 16601)
Compiled register/select2-metronic.css  (0ms)  (pid 16601)
Compiled register/select2.css  (0ms)  (pid 16601)
Compiled register/signin.css  (0ms)  (pid 16601)
Compiled register/style-responsive.css  (0ms)  (pid 16601)
Compiled register/style.css  (0ms)  (pid 16601)
Compiled register/tasks.css  (0ms)  (pid 16601)
Compiled register/uniform.default.css  (0ms)  (pid 16601)
Warning. Error encountered while saving cache /home/smartwifi/configServer/tmp/cache/sass/afba52aab1d4a1a2662d50797b601d3469f26393/scaffolds.css.scssc: can't dump anonymous class #<Class:0x00000003f8dc40>
Compiled scaffolds.css  (7ms)  (pid 16601)
Warning. Error encountered while saving cache /home/smartwifi/configServer/tmp/cache/sass/afba52aab1d4a1a2662d50797b601d3469f26393/timeline.css.scssc: can't dump anonymous class #<Class:0x00000003f8dc40>
Compiled timeline.css  (17ms)  (pid 16601)
Warning. Error encountered while saving cache /home/smartwifi/configServer/tmp/cache/sass/afba52aab1d4a1a2662d50797b601d3469f26393/upload.css.scssc: can't dump anonymous class #<Class:0x00000003f8dc40>
Compiled upload.css  (1ms)  (pid 16601)
Compiled font-awesome.css  (54ms)  (pid 16601)
Compiled application.css  (1296ms)  (pid 16601)
Connecting to database specified by database.yml
Connecting to database specified by database.yml
Connecting to database specified by database.yml
Connecting to database specified by database.yml
Connecting to database specified by database.yml
Connecting to database specified by database.yml
Connecting to database specified by database.yml
Connecting to database specified by database.yml
Connecting to database specified by database.yml
Started GET "/" for 219.142.69.78 at 2015-11-30 12:13:33 +0800
Processing by AdminsController#login as HTML
  Rendered admins/login.html.erb within layouts/application (1.7ms)
  Rendered shared/_shim.html.erb (0.3ms)
  Rendered shared/_header.html.erb (1.2ms)
  Rendered layouts/_footer.html.erb (0.5ms)
Completed 200 OK in 10ms (Views: 9.5ms | ActiveRecord: 0.0ms)
Started GET "/assets/application-6a522d0c8ac1c2cd917c2a4882db5ad8.css" for 219.142.69.78 at 2015-11-30 12:13:33 +0800
Started GET "/assets/application-71574fe750ad84ced934ac1ad4a74e2e.js" for 219.142.69.78 at 2015-11-30 12:13:33 +0800
Served asset /application-71574fe750ad84ced934ac1ad4a74e2e.js - 200 OK (65ms)
Error compiling asset application.css:
Sprockets::FileNotFound: couldn't find file 'font-awesome'
  (in /home/smartwifi/test/configServer/app/assets/stylesheets/application.css:13)
Served asset /application-6a522d0c8ac1c2cd917c2a4882db5ad8.css - 500 Internal Server Error


Started GET "/" for 219.142.69.78 at 2015-11-30 12:13:38 +0800
Processing by AdminsController#login as HTML
  Rendered admins/login.html.erb within layouts/application (1.3ms)
  Rendered shared/_shim.html.erb (0.2ms)
  Rendered shared/_header.html.erb (1.0ms)
  Rendered layouts/_footer.html.erb (0.4ms)
Completed 200 OK in 7ms (Views: 7.2ms | ActiveRecord: 0.0ms)
Started GET "/assets/application-6a522d0c8ac1c2cd917c2a4882db5ad8.css" for 219.142.69.78 at 2015-11-30 12:13:38 +0800
Error compiling asset application.css:
Sprockets::FileNotFound: couldn't find file 'font-awesome'
  (in /home/smartwifi/test/configServer/app/assets/stylesheets/application.css:13)
Served asset /application-6a522d0c8ac1c2cd917c2a4882db5ad8.css - 500 Internal Server Error


Started GET "/manager/html" for 222.186.42.73 at 2015-11-30 12:30:13 +0800

ActionController::RoutingError (No route matches [GET] "/manager/html"):
  actionpack (3.2.13) lib/action_dispatch/middleware/debug_exceptions.rb:21:in `call'
  actionpack (3.2.13) lib/action_dispatch/middleware/show_exceptions.rb:56:in `call'
  railties (3.2.13) lib/rails/rack/logger.rb:32:in `call_app'
  railties (3.2.13) lib/rails/rack/logger.rb:16:in `block in call'
  activesupport (3.2.13) lib/active_support/tagged_logging.rb:22:in `tagged'
  railties (3.2.13) lib/rails/rack/logger.rb:16:in `call'
  actionpack (3.2.13) lib/action_dispatch/middleware/request_id.rb:22:in `call'
  rack (1.4.5) lib/rack/methodoverride.rb:21:in `call'
  rack (1.4.5) lib/rack/runtime.rb:17:in `call'
  activesupport (3.2.13) lib/active_support/cache/strategy/local_cache.rb:72:in `call'
  rack-cache (1.2) lib/rack/cache/context.rb:136:in `forward'
  rack-cache (1.2) lib/rack/cache/context.rb:245:in `fetch'
  rack-cache (1.2) lib/rack/cache/context.rb:185:in `lookup'
  rack-cache (1.2) lib/rack/cache/context.rb:66:in `call!'
  rack-cache (1.2) lib/rack/cache/context.rb:51:in `call'
  railties (3.2.13) lib/rails/engine.rb:479:in `call'
  railties (3.2.13) lib/rails/application.rb:223:in `call'
  railties (3.2.13) lib/rails/railtie/configurable.rb:30:in `method_missing'
  unicorn (4.8.3) lib/unicorn/http_server.rb:576:in `process_client'
  unicorn (4.8.3) lib/unicorn/http_server.rb:670:in `worker_loop'
  unicorn (4.8.3) lib/unicorn/http_server.rb:525:in `spawn_missing_workers'
  unicorn (4.8.3) lib/unicorn/http_server.rb:140:in `start'
  unicorn (4.8.3) bin/unicorn_rails:209:in `<top (required)>'
  /home/smartwifi/.rvm/gems/ruby-1.9.3-p551/bin/unicorn_rails:23:in `load'
  /home/smartwifi/.rvm/gems/ruby-1.9.3-p551/bin/unicorn_rails:23:in `<main>'
  /home/smartwifi/.rvm/gems/ruby-1.9.3-p551/bin/ruby_executable_hooks:15:in `eval'
  /home/smartwifi/.rvm/gems/ruby-1.9.3-p551/bin/ruby_executable_hooks:15:in `<main>'


Started POST "/register.do" for 111.207.208.34 at 2015-11-30 12:51:46 +0800
Processing by AdminsController#register as 
  Parameters: {"redirect:${#res=#context.get('com.opensymphony.xwork2.dispatcher.HttpServletResponse'),#res.setCharacterEncoding(\"UTF-8\"),#req=#context.get('com.opensymphony.xwork2.dispatcher.HttpServletRequest'),#res.getWriter().print(\"dir:\"),#res.getWriter().println(#req.getSession().getServletContext().getRealPath(\"/\")),#res.getWriter().flush(),#res.getWriter().close()}"=>nil}
  [1m[36mAccessNode Load (0.6ms)[0m  [1mSELECT `access_nodes`.* FROM `access_nodes` WHERE (mac = NULL) ORDER BY updated_at DESC LIMIT 1[0m
  [1m[35m (0.6ms)[0m  BEGIN
  [1m[36mAccessNode Exists (1.1ms)[0m  [1mSELECT 1 AS one FROM `access_nodes` WHERE `access_nodes`.`name` IS NULL LIMIT 1[0m
  [1m[35mAccessNode Exists (0.7ms)[0m  SELECT 1 AS one FROM `access_nodes` WHERE `access_nodes`.`mac` IS NULL LIMIT 1
  [1m[36m (0.5ms)[0m  [1mROLLBACK[0m
Completed 422 Unprocessable Entity in 160ms

ActiveRecord::RecordInvalid (Validation failed: Name can't be blank, Name has already been taken, Mac can't be blank, Mac is the wrong length (should be 12 characters), Mac is invalid):
  app/controllers/admins_controller.rb:73:in `register'


Compiled jquery.js  (23ms)  (pid 32960)
Compiled jquery_ujs.js  (0ms)  (pid 32960)
Compiled address.js  (1ms)  (pid 32960)
Compiled admins.js  (59ms)  (pid 32960)
Compiled bootstrap-switch.min.js  (0ms)  (pid 32960)
Compiled bootstrap.min.js  (0ms)  (pid 32960)
Compiled global.js  (0ms)  (pid 32960)
Compiled jquery-1.11.0.js  (1ms)  (pid 32960)
Compiled jquery.pnotify.js  (1ms)  (pid 32960)
Compiled jquery.validate.min.js  (0ms)  (pid 32960)
Compiled logs.js  (1ms)  (pid 32960)
Compiled md5.js  (0ms)  (pid 32960)
Compiled messages_zh.js  (0ms)  (pid 32960)
Compiled resources.js  (0ms)  (pid 32960)
Compiled upload.js  (0ms)  (pid 32960)
Compiled bootstrap-transition.js  (0ms)  (pid 32960)
Compiled bootstrap-alert.js  (0ms)  (pid 32960)
Compiled bootstrap-button.js  (0ms)  (pid 32960)
Compiled bootstrap-carousel.js  (0ms)  (pid 32960)
Compiled bootstrap-collapse.js  (0ms)  (pid 32960)
Compiled bootstrap-dropdown.js  (0ms)  (pid 32960)
Compiled bootstrap-modal.js  (0ms)  (pid 32960)
Compiled bootstrap-scrollspy.js  (0ms)  (pid 32960)
Compiled bootstrap-tab.js  (0ms)  (pid 32960)
Compiled bootstrap-tooltip.js  (0ms)  (pid 32960)
Compiled bootstrap-popover.js  (0ms)  (pid 32960)
Compiled bootstrap-typeahead.js  (0ms)  (pid 32960)
Compiled bootstrap.js  (77ms)  (pid 32960)
Compiled application.js  (279ms)  (pid 32960)
Warning. Error encountered while saving cache /home/smartwifi/test/configServer/tmp/cache/sass/176295ee90199d2d4039ca6fe7c16b312c100814/admins.css.scssc: can't dump anonymous class #<Class:0x00000004217ad8>
Compiled admins.css  (26ms)  (pid 32960)
Warning. Error encountered while saving cache /home/smartwifi/test/configServer/tmp/cache/sass/176295ee90199d2d4039ca6fe7c16b312c100814/custom.css.scssc: can't dump anonymous class #<Class:0x00000004217ad8>
Warning. Error encountered while saving cache /home/smartwifi/test/configServer/tmp/cache/sass/a687074d48e716b28c18503ece95cead85b385b5/_bootstrap.scssc: can't dump anonymous class #<Class:0x00000004217ad8>
Warning. Error encountered while saving cache /home/smartwifi/test/configServer/tmp/cache/sass/3b8041ed1a0c7ebba1160cae2e8ea25803d16c56/_variables.scssc: can't dump anonymous class #<Class:0x00000004217ad8>
Warning. Error encountered while saving cache /home/smartwifi/test/configServer/tmp/cache/sass/3b8041ed1a0c7ebba1160cae2e8ea25803d16c56/_mixins.scssc: can't dump anonymous class #<Class:0x00000004217ad8>
Warning. Error encountered while saving cache /home/smartwifi/test/configServer/tmp/cache/sass/3b8041ed1a0c7ebba1160cae2e8ea25803d16c56/_reset.scssc: can't dump anonymous class #<Class:0x00000004217ad8>
Warning. Error encountered while saving cache /home/smartwifi/test/configServer/tmp/cache/sass/3b8041ed1a0c7ebba1160cae2e8ea25803d16c56/_scaffolding.scssc: can't dump anonymous class #<Class:0x00000004217ad8>
Warning. Error encountered while saving cache /home/smartwifi/test/configServer/tmp/cache/sass/3b8041ed1a0c7ebba1160cae2e8ea25803d16c56/_grid.scssc: can't dump anonymous class #<Class:0x00000004217ad8>
Warning. Error encountered while saving cache /home/smartwifi/test/configServer/tmp/cache/sass/3b8041ed1a0c7ebba1160cae2e8ea25803d16c56/_layouts.scssc: can't dump anonymous class #<Class:0x00000004217ad8>
Warning. Error encountered while saving cache /home/smartwifi/test/configServer/tmp/cache/sass/3b8041ed1a0c7ebba1160cae2e8ea25803d16c56/_type.scssc: can't dump anonymous class #<Class:0x00000004217ad8>
Warning. Error encountered while saving cache /home/smartwifi/test/configServer/tmp/cache/sass/3b8041ed1a0c7ebba1160cae2e8ea25803d16c56/_code.scssc: can't dump anonymous class #<Class:0x00000004217ad8>
Warning. Error encountered while saving cache /home/smartwifi/test/configServer/tmp/cache/sass/3b8041ed1a0c7ebba1160cae2e8ea25803d16c56/_forms.scssc: can't dump anonymous class #<Class:0x00000004217ad8>
Warning. Error encountered while saving cache /home/smartwifi/test/configServer/tmp/cache/sass/3b8041ed1a0c7ebba1160cae2e8ea25803d16c56/_tables.scssc: can't dump anonymous class #<Class:0x00000004217ad8>
Warning. Error encountered while saving cache /home/smartwifi/test/configServer/tmp/cache/sass/3b8041ed1a0c7ebba1160cae2e8ea25803d16c56/_sprites.scssc: can't dump anonymous class #<Class:0x00000004217ad8>
Warning. Error encountered while saving cache /home/smartwifi/test/configServer/tmp/cache/sass/3b8041ed1a0c7ebba1160cae2e8ea25803d16c56/_dropdowns.scssc: can't dump anonymous class #<Class:0x00000004217ad8>
Warning. Error encountered while saving cache /home/smartwifi/test/configServer/tmp/cache/sass/3b8041ed1a0c7ebba1160cae2e8ea25803d16c56/_wells.scssc: can't dump anonymous class #<Class:0x00000004217ad8>
Warning. Error encountered while saving cache /home/smartwifi/test/configServer/tmp/cache/sass/3b8041ed1a0c7ebba1160cae2e8ea25803d16c56/_component-animations.scssc: can't dump anonymous class #<Class:0x00000004217ad8>
Warning. Error encountered while saving cache /home/smartwifi/test/configServer/tmp/cache/sass/3b8041ed1a0c7ebba1160cae2e8ea25803d16c56/_close.scssc: can't dump anonymous class #<Class:0x00000004217ad8>
Warning. Error encountered while saving cache /home/smartwifi/test/configServer/tmp/cache/sass/3b8041ed1a0c7ebba1160cae2e8ea25803d16c56/_buttons.scssc: can't dump anonymous class #<Class:0x00000004217ad8>
Warning. Error encountered while saving cache /home/smartwifi/test/configServer/tmp/cache/sass/3b8041ed1a0c7ebba1160cae2e8ea25803d16c56/_button-groups.scssc: can't dump anonymous class #<Class:0x00000004217ad8>
Warning. Error encountered while saving cache /home/smartwifi/test/configServer/tmp/cache/sass/3b8041ed1a0c7ebba1160cae2e8ea25803d16c56/_alerts.scssc: can't dump anonymous class #<Class:0x00000004217ad8>
Warning. Error encountered while saving cache /home/smartwifi/test/configServer/tmp/cache/sass/3b8041ed1a0c7ebba1160cae2e8ea25803d16c56/_navs.scssc: can't dump anonymous class #<Class:0x00000004217ad8>
Warning. Error encountered while saving cache /home/smartwifi/test/configServer/tmp/cache/sass/3b8041ed1a0c7ebba1160cae2e8ea25803d16c56/_navbar.scssc: can't dump anonymous class #<Class:0x00000004217ad8>
Warning. Error encountered while saving cache /home/smartwifi/test/configServer/tmp/cache/sass/3b8041ed1a0c7ebba1160cae2e8ea25803d16c56/_breadcrumbs.scssc: can't dump anonymous class #<Class:0x00000004217ad8>
Warning. Error encountered while saving cache /home/smartwifi/test/configServer/tmp/cache/sass/3b8041ed1a0c7ebba1160cae2e8ea25803d16c56/_pagination.scssc: can't dump anonymous class #<Class:0x00000004217ad8>
Warning. Error encountered while saving cache /home/smartwifi/test/configServer/tmp/cache/sass/3b8041ed1a0c7ebba1160cae2e8ea25803d16c56/_pager.scssc: can't dump anonymous class #<Class:0x00000004217ad8>
Warning. Error encountered while saving cache /home/smartwifi/test/configServer/tmp/cache/sass/3b8041ed1a0c7ebba1160cae2e8ea25803d16c56/_modals.scssc: can't dump anonymous class #<Class:0x00000004217ad8>
Warning. Error encountered while saving cache /home/smartwifi/test/configServer/tmp/cache/sass/3b8041ed1a0c7ebba1160cae2e8ea25803d16c56/_tooltip.scssc: can't dump anonymous class #<Class:0x00000004217ad8>
Warning. Error encountered while saving cache /home/smartwifi/test/configServer/tmp/cache/sass/3b8041ed1a0c7ebba1160cae2e8ea25803d16c56/_popovers.scssc: can't dump anonymous class #<Class:0x00000004217ad8>
Warning. Error encountered while saving cache /home/smartwifi/test/configServer/tmp/cache/sass/3b8041ed1a0c7ebba1160cae2e8ea25803d16c56/_thumbnails.scssc: can't dump anonymous class #<Class:0x00000004217ad8>
Warning. Error encountered while saving cache /home/smartwifi/test/configServer/tmp/cache/sass/3b8041ed1a0c7ebba1160cae2e8ea25803d16c56/_labels-badges.scssc: can't dump anonymous class #<Class:0x00000004217ad8>
Warning. Error encountered while saving cache /home/smartwifi/test/configServer/tmp/cache/sass/3b8041ed1a0c7ebba1160cae2e8ea25803d16c56/_progress-bars.scssc: can't dump anonymous class #<Class:0x00000004217ad8>
Warning. Error encountered while saving cache /home/smartwifi/test/configServer/tmp/cache/sass/3b8041ed1a0c7ebba1160cae2e8ea25803d16c56/_accordion.scssc: can't dump anonymous class #<Class:0x00000004217ad8>
Warning. Error encountered while saving cache /home/smartwifi/test/configServer/tmp/cache/sass/3b8041ed1a0c7ebba1160cae2e8ea25803d16c56/_carousel.scssc: can't dump anonymous class #<Class:0x00000004217ad8>
Warning. Error encountered while saving cache /home/smartwifi/test/configServer/tmp/cache/sass/3b8041ed1a0c7ebba1160cae2e8ea25803d16c56/_hero-unit.scssc: can't dump anonymous class #<Class:0x00000004217ad8>
Warning. Error encountered while saving cache /home/smartwifi/test/configServer/tmp/cache/sass/3b8041ed1a0c7ebba1160cae2e8ea25803d16c56/_utilities.scssc: can't dump anonymous class #<Class:0x00000004217ad8>
Compiled custom.css  (1117ms)  (pid 32960)
Warning. Error encountered while saving cache /home/smartwifi/test/configServer/tmp/cache/sass/176295ee90199d2d4039ca6fe7c16b312c100814/logs.css.scssc: can't dump anonymous class #<Class:0x00000004217ad8>
Compiled logs.css  (1ms)  (pid 32960)
Compiled register/bootstrap-switch.css  (0ms)  (pid 32960)
Compiled register/bootstrap.min.css  (0ms)  (pid 32960)
Compiled register/css.css  (0ms)  (pid 32960)
Compiled register/default.css  (0ms)  (pid 32960)
Compiled register/font-awesome.min.css  (0ms)  (pid 32960)
Compiled register/ionicons.min.css  (32ms)  (pid 32960)
Compiled register/jquery.pnotify.default.css  (0ms)  (pid 32960)
Compiled register/jquery.pnotify.default.icons.css  (0ms)  (pid 32960)
Compiled register/plugins.css  (0ms)  (pid 32960)
Compiled register/print.css  (0ms)  (pid 32960)
Compiled register/select2-metronic.css  (0ms)  (pid 32960)
Compiled register/select2.css  (0ms)  (pid 32960)
Compiled register/signin.css  (0ms)  (pid 32960)
Compiled register/style-responsive.css  (0ms)  (pid 32960)
Compiled register/style.css  (0ms)  (pid 32960)
Compiled register/tasks.css  (0ms)  (pid 32960)
Compiled register/uniform.default.css  (0ms)  (pid 32960)
Warning. Error encountered while saving cache /home/smartwifi/test/configServer/tmp/cache/sass/176295ee90199d2d4039ca6fe7c16b312c100814/scaffolds.css.scssc: can't dump anonymous class #<Class:0x00000004217ad8>
Compiled scaffolds.css  (34ms)  (pid 32960)
Warning. Error encountered while saving cache /home/smartwifi/test/configServer/tmp/cache/sass/176295ee90199d2d4039ca6fe7c16b312c100814/timeline.css.scssc: can't dump anonymous class #<Class:0x00000004217ad8>
Compiled timeline.css  (17ms)  (pid 32960)
Warning. Error encountered while saving cache /home/smartwifi/test/configServer/tmp/cache/sass/176295ee90199d2d4039ca6fe7c16b312c100814/upload.css.scssc: can't dump anonymous class #<Class:0x00000004217ad8>
Compiled upload.css  (1ms)  (pid 32960)
Compiled font-awesome.css  (28ms)  (pid 32960)
Compiled application.css  (1350ms)  (pid 32960)
Compiled jquery.js  (23ms)  (pid 33198)
Compiled jquery_ujs.js  (0ms)  (pid 33198)
Compiled address.js  (1ms)  (pid 33198)
Compiled admins.js  (63ms)  (pid 33198)
Compiled bootstrap-switch.min.js  (0ms)  (pid 33198)
Compiled bootstrap.min.js  (0ms)  (pid 33198)
Compiled global.js  (0ms)  (pid 33198)
Compiled jquery-1.11.0.js  (1ms)  (pid 33198)
Compiled jquery.pnotify.js  (0ms)  (pid 33198)
Compiled jquery.validate.min.js  (0ms)  (pid 33198)
Compiled logs.js  (1ms)  (pid 33198)
Compiled md5.js  (0ms)  (pid 33198)
Compiled messages_zh.js  (0ms)  (pid 33198)
Compiled resources.js  (1ms)  (pid 33198)
Compiled upload.js  (0ms)  (pid 33198)
Compiled bootstrap-transition.js  (0ms)  (pid 33198)
Compiled bootstrap-alert.js  (0ms)  (pid 33198)
Compiled bootstrap-button.js  (0ms)  (pid 33198)
Compiled bootstrap-carousel.js  (0ms)  (pid 33198)
Compiled bootstrap-collapse.js  (0ms)  (pid 33198)
Compiled bootstrap-dropdown.js  (0ms)  (pid 33198)
Compiled bootstrap-modal.js  (0ms)  (pid 33198)
Compiled bootstrap-scrollspy.js  (0ms)  (pid 33198)
Compiled bootstrap-tab.js  (0ms)  (pid 33198)
Compiled bootstrap-tooltip.js  (0ms)  (pid 33198)
Compiled bootstrap-popover.js  (0ms)  (pid 33198)
Compiled bootstrap-typeahead.js  (0ms)  (pid 33198)
Compiled bootstrap.js  (72ms)  (pid 33198)
Compiled application.js  (283ms)  (pid 33198)
Warning. Error encountered while saving cache /home/smartwifi/test/configServer/tmp/cache/sass/176295ee90199d2d4039ca6fe7c16b312c100814/admins.css.scssc: can't dump anonymous class #<Class:0x0000000388b7a8>
Compiled admins.css  (26ms)  (pid 33198)
Warning. Error encountered while saving cache /home/smartwifi/test/configServer/tmp/cache/sass/176295ee90199d2d4039ca6fe7c16b312c100814/custom.css.scssc: can't dump anonymous class #<Class:0x0000000388b7a8>
Warning. Error encountered while saving cache /home/smartwifi/test/configServer/tmp/cache/sass/a687074d48e716b28c18503ece95cead85b385b5/_bootstrap.scssc: can't dump anonymous class #<Class:0x0000000388b7a8>
Warning. Error encountered while saving cache /home/smartwifi/test/configServer/tmp/cache/sass/3b8041ed1a0c7ebba1160cae2e8ea25803d16c56/_variables.scssc: can't dump anonymous class #<Class:0x0000000388b7a8>
Warning. Error encountered while saving cache /home/smartwifi/test/configServer/tmp/cache/sass/3b8041ed1a0c7ebba1160cae2e8ea25803d16c56/_mixins.scssc: can't dump anonymous class #<Class:0x0000000388b7a8>
Warning. Error encountered while saving cache /home/smartwifi/test/configServer/tmp/cache/sass/3b8041ed1a0c7ebba1160cae2e8ea25803d16c56/_reset.scssc: can't dump anonymous class #<Class:0x0000000388b7a8>
Warning. Error encountered while saving cache /home/smartwifi/test/configServer/tmp/cache/sass/3b8041ed1a0c7ebba1160cae2e8ea25803d16c56/_scaffolding.scssc: can't dump anonymous class #<Class:0x0000000388b7a8>
Warning. Error encountered while saving cache /home/smartwifi/test/configServer/tmp/cache/sass/3b8041ed1a0c7ebba1160cae2e8ea25803d16c56/_grid.scssc: can't dump anonymous class #<Class:0x0000000388b7a8>
Warning. Error encountered while saving cache /home/smartwifi/test/configServer/tmp/cache/sass/3b8041ed1a0c7ebba1160cae2e8ea25803d16c56/_layouts.scssc: can't dump anonymous class #<Class:0x0000000388b7a8>
Warning. Error encountered while saving cache /home/smartwifi/test/configServer/tmp/cache/sass/3b8041ed1a0c7ebba1160cae2e8ea25803d16c56/_type.scssc: can't dump anonymous class #<Class:0x0000000388b7a8>
Warning. Error encountered while saving cache /home/smartwifi/test/configServer/tmp/cache/sass/3b8041ed1a0c7ebba1160cae2e8ea25803d16c56/_code.scssc: can't dump anonymous class #<Class:0x0000000388b7a8>
Warning. Error encountered while saving cache /home/smartwifi/test/configServer/tmp/cache/sass/3b8041ed1a0c7ebba1160cae2e8ea25803d16c56/_forms.scssc: can't dump anonymous class #<Class:0x0000000388b7a8>
Warning. Error encountered while saving cache /home/smartwifi/test/configServer/tmp/cache/sass/3b8041ed1a0c7ebba1160cae2e8ea25803d16c56/_tables.scssc: can't dump anonymous class #<Class:0x0000000388b7a8>
Warning. Error encountered while saving cache /home/smartwifi/test/configServer/tmp/cache/sass/3b8041ed1a0c7ebba1160cae2e8ea25803d16c56/_sprites.scssc: can't dump anonymous class #<Class:0x0000000388b7a8>
Warning. Error encountered while saving cache /home/smartwifi/test/configServer/tmp/cache/sass/3b8041ed1a0c7ebba1160cae2e8ea25803d16c56/_dropdowns.scssc: can't dump anonymous class #<Class:0x0000000388b7a8>
Warning. Error encountered while saving cache /home/smartwifi/test/configServer/tmp/cache/sass/3b8041ed1a0c7ebba1160cae2e8ea25803d16c56/_wells.scssc: can't dump anonymous class #<Class:0x0000000388b7a8>
Warning. Error encountered while saving cache /home/smartwifi/test/configServer/tmp/cache/sass/3b8041ed1a0c7ebba1160cae2e8ea25803d16c56/_component-animations.scssc: can't dump anonymous class #<Class:0x0000000388b7a8>
Warning. Error encountered while saving cache /home/smartwifi/test/configServer/tmp/cache/sass/3b8041ed1a0c7ebba1160cae2e8ea25803d16c56/_close.scssc: can't dump anonymous class #<Class:0x0000000388b7a8>
Warning. Error encountered while saving cache /home/smartwifi/test/configServer/tmp/cache/sass/3b8041ed1a0c7ebba1160cae2e8ea25803d16c56/_buttons.scssc: can't dump anonymous class #<Class:0x0000000388b7a8>
Warning. Error encountered while saving cache /home/smartwifi/test/configServer/tmp/cache/sass/3b8041ed1a0c7ebba1160cae2e8ea25803d16c56/_button-groups.scssc: can't dump anonymous class #<Class:0x0000000388b7a8>
Warning. Error encountered while saving cache /home/smartwifi/test/configServer/tmp/cache/sass/3b8041ed1a0c7ebba1160cae2e8ea25803d16c56/_alerts.scssc: can't dump anonymous class #<Class:0x0000000388b7a8>
Warning. Error encountered while saving cache /home/smartwifi/test/configServer/tmp/cache/sass/3b8041ed1a0c7ebba1160cae2e8ea25803d16c56/_navs.scssc: can't dump anonymous class #<Class:0x0000000388b7a8>
Warning. Error encountered while saving cache /home/smartwifi/test/configServer/tmp/cache/sass/3b8041ed1a0c7ebba1160cae2e8ea25803d16c56/_navbar.scssc: can't dump anonymous class #<Class:0x0000000388b7a8>
Warning. Error encountered while saving cache /home/smartwifi/test/configServer/tmp/cache/sass/3b8041ed1a0c7ebba1160cae2e8ea25803d16c56/_breadcrumbs.scssc: can't dump anonymous class #<Class:0x0000000388b7a8>
Warning. Error encountered while saving cache /home/smartwifi/test/configServer/tmp/cache/sass/3b8041ed1a0c7ebba1160cae2e8ea25803d16c56/_pagination.scssc: can't dump anonymous class #<Class:0x0000000388b7a8>
Warning. Error encountered while saving cache /home/smartwifi/test/configServer/tmp/cache/sass/3b8041ed1a0c7ebba1160cae2e8ea25803d16c56/_pager.scssc: can't dump anonymous class #<Class:0x0000000388b7a8>
Warning. Error encountered while saving cache /home/smartwifi/test/configServer/tmp/cache/sass/3b8041ed1a0c7ebba1160cae2e8ea25803d16c56/_modals.scssc: can't dump anonymous class #<Class:0x0000000388b7a8>
Warning. Error encountered while saving cache /home/smartwifi/test/configServer/tmp/cache/sass/3b8041ed1a0c7ebba1160cae2e8ea25803d16c56/_tooltip.scssc: can't dump anonymous class #<Class:0x0000000388b7a8>
Warning. Error encountered while saving cache /home/smartwifi/test/configServer/tmp/cache/sass/3b8041ed1a0c7ebba1160cae2e8ea25803d16c56/_popovers.scssc: can't dump anonymous class #<Class:0x0000000388b7a8>
Warning. Error encountered while saving cache /home/smartwifi/test/configServer/tmp/cache/sass/3b8041ed1a0c7ebba1160cae2e8ea25803d16c56/_thumbnails.scssc: can't dump anonymous class #<Class:0x0000000388b7a8>
Warning. Error encountered while saving cache /home/smartwifi/test/configServer/tmp/cache/sass/3b8041ed1a0c7ebba1160cae2e8ea25803d16c56/_labels-badges.scssc: can't dump anonymous class #<Class:0x0000000388b7a8>
Warning. Error encountered while saving cache /home/smartwifi/test/configServer/tmp/cache/sass/3b8041ed1a0c7ebba1160cae2e8ea25803d16c56/_progress-bars.scssc: can't dump anonymous class #<Class:0x0000000388b7a8>
Warning. Error encountered while saving cache /home/smartwifi/test/configServer/tmp/cache/sass/3b8041ed1a0c7ebba1160cae2e8ea25803d16c56/_accordion.scssc: can't dump anonymous class #<Class:0x0000000388b7a8>
Warning. Error encountered while saving cache /home/smartwifi/test/configServer/tmp/cache/sass/3b8041ed1a0c7ebba1160cae2e8ea25803d16c56/_carousel.scssc: can't dump anonymous class #<Class:0x0000000388b7a8>
Warning. Error encountered while saving cache /home/smartwifi/test/configServer/tmp/cache/sass/3b8041ed1a0c7ebba1160cae2e8ea25803d16c56/_hero-unit.scssc: can't dump anonymous class #<Class:0x0000000388b7a8>
Warning. Error encountered while saving cache /home/smartwifi/test/configServer/tmp/cache/sass/3b8041ed1a0c7ebba1160cae2e8ea25803d16c56/_utilities.scssc: can't dump anonymous class #<Class:0x0000000388b7a8>
Compiled custom.css  (1049ms)  (pid 33198)
Warning. Error encountered while saving cache /home/smartwifi/test/configServer/tmp/cache/sass/176295ee90199d2d4039ca6fe7c16b312c100814/logs.css.scssc: can't dump anonymous class #<Class:0x0000000388b7a8>
Compiled logs.css  (1ms)  (pid 33198)
Compiled register/bootstrap-switch.css  (0ms)  (pid 33198)
Compiled register/bootstrap.min.css  (0ms)  (pid 33198)
Compiled register/css.css  (0ms)  (pid 33198)
Compiled register/default.css  (0ms)  (pid 33198)
Compiled register/font-awesome.min.css  (0ms)  (pid 33198)
Compiled register/ionicons.min.css  (0ms)  (pid 33198)
Compiled register/jquery.pnotify.default.css  (0ms)  (pid 33198)
Compiled register/jquery.pnotify.default.icons.css  (0ms)  (pid 33198)
Compiled register/plugins.css  (0ms)  (pid 33198)
Compiled register/print.css  (0ms)  (pid 33198)
Compiled register/select2-metronic.css  (0ms)  (pid 33198)
Compiled register/select2.css  (0ms)  (pid 33198)
Compiled register/signin.css  (0ms)  (pid 33198)
Compiled register/style-responsive.css  (0ms)  (pid 33198)
Compiled register/style.css  (0ms)  (pid 33198)
Compiled register/tasks.css  (0ms)  (pid 33198)
Compiled register/uniform.default.css  (0ms)  (pid 33198)
Warning. Error encountered while saving cache /home/smartwifi/test/configServer/tmp/cache/sass/176295ee90199d2d4039ca6fe7c16b312c100814/scaffolds.css.scssc: can't dump anonymous class #<Class:0x0000000388b7a8>
Compiled scaffolds.css  (10ms)  (pid 33198)
Warning. Error encountered while saving cache /home/smartwifi/test/configServer/tmp/cache/sass/176295ee90199d2d4039ca6fe7c16b312c100814/timeline.css.scssc: can't dump anonymous class #<Class:0x0000000388b7a8>
Compiled timeline.css  (18ms)  (pid 33198)
Warning. Error encountered while saving cache /home/smartwifi/test/configServer/tmp/cache/sass/176295ee90199d2d4039ca6fe7c16b312c100814/upload.css.scssc: can't dump anonymous class #<Class:0x0000000388b7a8>
Compiled upload.css  (2ms)  (pid 33198)
Compiled font-awesome.css  (32ms)  (pid 33198)
Compiled application.css  (1322ms)  (pid 33198)
Compiled jquery.js  (21ms)  (pid 33264)
Compiled jquery_ujs.js  (0ms)  (pid 33264)
Compiled address.js  (1ms)  (pid 33264)
Compiled admins.js  (54ms)  (pid 33264)
Compiled bootstrap-switch.min.js  (0ms)  (pid 33264)
Compiled bootstrap.min.js  (0ms)  (pid 33264)
Compiled global.js  (0ms)  (pid 33264)
Compiled jquery-1.11.0.js  (2ms)  (pid 33264)
Compiled jquery.pnotify.js  (0ms)  (pid 33264)
Compiled jquery.validate.min.js  (0ms)  (pid 33264)
Compiled logs.js  (1ms)  (pid 33264)
Compiled md5.js  (0ms)  (pid 33264)
Compiled messages_zh.js  (0ms)  (pid 33264)
Compiled resources.js  (0ms)  (pid 33264)
Compiled upload.js  (0ms)  (pid 33264)
Compiled bootstrap-transition.js  (0ms)  (pid 33264)
Compiled bootstrap-alert.js  (0ms)  (pid 33264)
Compiled bootstrap-button.js  (0ms)  (pid 33264)
Compiled bootstrap-carousel.js  (0ms)  (pid 33264)
Compiled bootstrap-collapse.js  (0ms)  (pid 33264)
Compiled bootstrap-dropdown.js  (0ms)  (pid 33264)
Compiled bootstrap-modal.js  (0ms)  (pid 33264)
Compiled bootstrap-scrollspy.js  (0ms)  (pid 33264)
Compiled bootstrap-tab.js  (0ms)  (pid 33264)
Compiled bootstrap-tooltip.js  (0ms)  (pid 33264)
Compiled bootstrap-popover.js  (0ms)  (pid 33264)
Compiled bootstrap-typeahead.js  (0ms)  (pid 33264)
Compiled bootstrap.js  (74ms)  (pid 33264)
Compiled application.js  (259ms)  (pid 33264)
Warning. Error encountered while saving cache /home/smartwifi/test/configServer/tmp/cache/sass/176295ee90199d2d4039ca6fe7c16b312c100814/admins.css.scssc: can't dump anonymous class #<Class:0x0000000576e530>
Compiled admins.css  (26ms)  (pid 33264)
Warning. Error encountered while saving cache /home/smartwifi/test/configServer/tmp/cache/sass/176295ee90199d2d4039ca6fe7c16b312c100814/custom.css.scssc: can't dump anonymous class #<Class:0x0000000576e530>
Warning. Error encountered while saving cache /home/smartwifi/test/configServer/tmp/cache/sass/a687074d48e716b28c18503ece95cead85b385b5/_bootstrap.scssc: can't dump anonymous class #<Class:0x0000000576e530>
Warning. Error encountered while saving cache /home/smartwifi/test/configServer/tmp/cache/sass/3b8041ed1a0c7ebba1160cae2e8ea25803d16c56/_variables.scssc: can't dump anonymous class #<Class:0x0000000576e530>
Warning. Error encountered while saving cache /home/smartwifi/test/configServer/tmp/cache/sass/3b8041ed1a0c7ebba1160cae2e8ea25803d16c56/_mixins.scssc: can't dump anonymous class #<Class:0x0000000576e530>
Warning. Error encountered while saving cache /home/smartwifi/test/configServer/tmp/cache/sass/3b8041ed1a0c7ebba1160cae2e8ea25803d16c56/_reset.scssc: can't dump anonymous class #<Class:0x0000000576e530>
Warning. Error encountered while saving cache /home/smartwifi/test/configServer/tmp/cache/sass/3b8041ed1a0c7ebba1160cae2e8ea25803d16c56/_scaffolding.scssc: can't dump anonymous class #<Class:0x0000000576e530>
Warning. Error encountered while saving cache /home/smartwifi/test/configServer/tmp/cache/sass/3b8041ed1a0c7ebba1160cae2e8ea25803d16c56/_grid.scssc: can't dump anonymous class #<Class:0x0000000576e530>
Warning. Error encountered while saving cache /home/smartwifi/test/configServer/tmp/cache/sass/3b8041ed1a0c7ebba1160cae2e8ea25803d16c56/_layouts.scssc: can't dump anonymous class #<Class:0x0000000576e530>
Warning. Error encountered while saving cache /home/smartwifi/test/configServer/tmp/cache/sass/3b8041ed1a0c7ebba1160cae2e8ea25803d16c56/_type.scssc: can't dump anonymous class #<Class:0x0000000576e530>
Warning. Error encountered while saving cache /home/smartwifi/test/configServer/tmp/cache/sass/3b8041ed1a0c7ebba1160cae2e8ea25803d16c56/_code.scssc: can't dump anonymous class #<Class:0x0000000576e530>
Warning. Error encountered while saving cache /home/smartwifi/test/configServer/tmp/cache/sass/3b8041ed1a0c7ebba1160cae2e8ea25803d16c56/_forms.scssc: can't dump anonymous class #<Class:0x0000000576e530>
Warning. Error encountered while saving cache /home/smartwifi/test/configServer/tmp/cache/sass/3b8041ed1a0c7ebba1160cae2e8ea25803d16c56/_tables.scssc: can't dump anonymous class #<Class:0x0000000576e530>
Warning. Error encountered while saving cache /home/smartwifi/test/configServer/tmp/cache/sass/3b8041ed1a0c7ebba1160cae2e8ea25803d16c56/_sprites.scssc: can't dump anonymous class #<Class:0x0000000576e530>
Warning. Error encountered while saving cache /home/smartwifi/test/configServer/tmp/cache/sass/3b8041ed1a0c7ebba1160cae2e8ea25803d16c56/_dropdowns.scssc: can't dump anonymous class #<Class:0x0000000576e530>
Warning. Error encountered while saving cache /home/smartwifi/test/configServer/tmp/cache/sass/3b8041ed1a0c7ebba1160cae2e8ea25803d16c56/_wells.scssc: can't dump anonymous class #<Class:0x0000000576e530>
Warning. Error encountered while saving cache /home/smartwifi/test/configServer/tmp/cache/sass/3b8041ed1a0c7ebba1160cae2e8ea25803d16c56/_component-animations.scssc: can't dump anonymous class #<Class:0x0000000576e530>
Warning. Error encountered while saving cache /home/smartwifi/test/configServer/tmp/cache/sass/3b8041ed1a0c7ebba1160cae2e8ea25803d16c56/_close.scssc: can't dump anonymous class #<Class:0x0000000576e530>
Warning. Error encountered while saving cache /home/smartwifi/test/configServer/tmp/cache/sass/3b8041ed1a0c7ebba1160cae2e8ea25803d16c56/_buttons.scssc: can't dump anonymous class #<Class:0x0000000576e530>
Warning. Error encountered while saving cache /home/smartwifi/test/configServer/tmp/cache/sass/3b8041ed1a0c7ebba1160cae2e8ea25803d16c56/_button-groups.scssc: can't dump anonymous class #<Class:0x0000000576e530>
Warning. Error encountered while saving cache /home/smartwifi/test/configServer/tmp/cache/sass/3b8041ed1a0c7ebba1160cae2e8ea25803d16c56/_alerts.scssc: can't dump anonymous class #<Class:0x0000000576e530>
Warning. Error encountered while saving cache /home/smartwifi/test/configServer/tmp/cache/sass/3b8041ed1a0c7ebba1160cae2e8ea25803d16c56/_navs.scssc: can't dump anonymous class #<Class:0x0000000576e530>
Warning. Error encountered while saving cache /home/smartwifi/test/configServer/tmp/cache/sass/3b8041ed1a0c7ebba1160cae2e8ea25803d16c56/_navbar.scssc: can't dump anonymous class #<Class:0x0000000576e530>
Warning. Error encountered while saving cache /home/smartwifi/test/configServer/tmp/cache/sass/3b8041ed1a0c7ebba1160cae2e8ea25803d16c56/_breadcrumbs.scssc: can't dump anonymous class #<Class:0x0000000576e530>
Warning. Error encountered while saving cache /home/smartwifi/test/configServer/tmp/cache/sass/3b8041ed1a0c7ebba1160cae2e8ea25803d16c56/_pagination.scssc: can't dump anonymous class #<Class:0x0000000576e530>
Warning. Error encountered while saving cache /home/smartwifi/test/configServer/tmp/cache/sass/3b8041ed1a0c7ebba1160cae2e8ea25803d16c56/_pager.scssc: can't dump anonymous class #<Class:0x0000000576e530>
Warning. Error encountered while saving cache /home/smartwifi/test/configServer/tmp/cache/sass/3b8041ed1a0c7ebba1160cae2e8ea25803d16c56/_modals.scssc: can't dump anonymous class #<Class:0x0000000576e530>
Warning. Error encountered while saving cache /home/smartwifi/test/configServer/tmp/cache/sass/3b8041ed1a0c7ebba1160cae2e8ea25803d16c56/_tooltip.scssc: can't dump anonymous class #<Class:0x0000000576e530>
Warning. Error encountered while saving cache /home/smartwifi/test/configServer/tmp/cache/sass/3b8041ed1a0c7ebba1160cae2e8ea25803d16c56/_popovers.scssc: can't dump anonymous class #<Class:0x0000000576e530>
Warning. Error encountered while saving cache /home/smartwifi/test/configServer/tmp/cache/sass/3b8041ed1a0c7ebba1160cae2e8ea25803d16c56/_thumbnails.scssc: can't dump anonymous class #<Class:0x0000000576e530>
Warning. Error encountered while saving cache /home/smartwifi/test/configServer/tmp/cache/sass/3b8041ed1a0c7ebba1160cae2e8ea25803d16c56/_labels-badges.scssc: can't dump anonymous class #<Class:0x0000000576e530>
Warning. Error encountered while saving cache /home/smartwifi/test/configServer/tmp/cache/sass/3b8041ed1a0c7ebba1160cae2e8ea25803d16c56/_progress-bars.scssc: can't dump anonymous class #<Class:0x0000000576e530>
Warning. Error encountered while saving cache /home/smartwifi/test/configServer/tmp/cache/sass/3b8041ed1a0c7ebba1160cae2e8ea25803d16c56/_accordion.scssc: can't dump anonymous class #<Class:0x0000000576e530>
Warning. Error encountered while saving cache /home/smartwifi/test/configServer/tmp/cache/sass/3b8041ed1a0c7ebba1160cae2e8ea25803d16c56/_carousel.scssc: can't dump anonymous class #<Class:0x0000000576e530>
Warning. Error encountered while saving cache /home/smartwifi/test/configServer/tmp/cache/sass/3b8041ed1a0c7ebba1160cae2e8ea25803d16c56/_hero-unit.scssc: can't dump anonymous class #<Class:0x0000000576e530>
Warning. Error encountered while saving cache /home/smartwifi/test/configServer/tmp/cache/sass/3b8041ed1a0c7ebba1160cae2e8ea25803d16c56/_utilities.scssc: can't dump anonymous class #<Class:0x0000000576e530>
Compiled custom.css  (1096ms)  (pid 33264)
Warning. Error encountered while saving cache /home/smartwifi/test/configServer/tmp/cache/sass/176295ee90199d2d4039ca6fe7c16b312c100814/logs.css.scssc: can't dump anonymous class #<Class:0x0000000576e530>
Compiled logs.css  (1ms)  (pid 33264)
Compiled register/bootstrap-switch.css  (0ms)  (pid 33264)
Compiled register/bootstrap.min.css  (0ms)  (pid 33264)
Compiled register/css.css  (0ms)  (pid 33264)
Compiled register/default.css  (0ms)  (pid 33264)
Compiled register/font-awesome.min.css  (0ms)  (pid 33264)
Compiled register/ionicons.min.css  (0ms)  (pid 33264)
Compiled register/jquery.pnotify.default.css  (0ms)  (pid 33264)
Compiled register/jquery.pnotify.default.icons.css  (0ms)  (pid 33264)
Compiled register/plugins.css  (0ms)  (pid 33264)
Compiled register/print.css  (0ms)  (pid 33264)
Compiled register/select2-metronic.css  (0ms)  (pid 33264)
Compiled register/select2.css  (0ms)  (pid 33264)
Compiled register/signin.css  (0ms)  (pid 33264)
Compiled register/style-responsive.css  (0ms)  (pid 33264)
Compiled register/style.css  (0ms)  (pid 33264)
Compiled register/tasks.css  (0ms)  (pid 33264)
Compiled register/uniform.default.css  (0ms)  (pid 33264)
Warning. Error encountered while saving cache /home/smartwifi/test/configServer/tmp/cache/sass/176295ee90199d2d4039ca6fe7c16b312c100814/scaffolds.css.scssc: can't dump anonymous class #<Class:0x0000000576e530>
Compiled scaffolds.css  (8ms)  (pid 33264)
Warning. Error encountered while saving cache /home/smartwifi/test/configServer/tmp/cache/sass/176295ee90199d2d4039ca6fe7c16b312c100814/timeline.css.scssc: can't dump anonymous class #<Class:0x0000000576e530>
Compiled timeline.css  (20ms)  (pid 33264)
Warning. Error encountered while saving cache /home/smartwifi/test/configServer/tmp/cache/sass/176295ee90199d2d4039ca6fe7c16b312c100814/upload.css.scssc: can't dump anonymous class #<Class:0x0000000576e530>
Compiled upload.css  (1ms)  (pid 33264)
Compiled font-awesome.css  (29ms)  (pid 33264)
Compiled application.css  (1331ms)  (pid 33264)
Compiled jquery.js  (23ms)  (pid 33275)
Compiled jquery_ujs.js  (0ms)  (pid 33275)
Compiled address.js  (4ms)  (pid 33275)
Compiled admins.js  (62ms)  (pid 33275)
Compiled bootstrap-switch.min.js  (0ms)  (pid 33275)
Compiled bootstrap.min.js  (0ms)  (pid 33275)
Compiled global.js  (0ms)  (pid 33275)
Compiled jquery-1.11.0.js  (1ms)  (pid 33275)
Compiled jquery.pnotify.js  (0ms)  (pid 33275)
Compiled jquery.validate.min.js  (0ms)  (pid 33275)
Compiled logs.js  (1ms)  (pid 33275)
Compiled md5.js  (0ms)  (pid 33275)
Compiled messages_zh.js  (0ms)  (pid 33275)
Compiled resources.js  (0ms)  (pid 33275)
Compiled upload.js  (0ms)  (pid 33275)
Compiled bootstrap-transition.js  (0ms)  (pid 33275)
Compiled bootstrap-alert.js  (0ms)  (pid 33275)
Compiled bootstrap-button.js  (0ms)  (pid 33275)
Compiled bootstrap-carousel.js  (0ms)  (pid 33275)
Compiled bootstrap-collapse.js  (0ms)  (pid 33275)
Compiled bootstrap-dropdown.js  (0ms)  (pid 33275)
Compiled bootstrap-modal.js  (0ms)  (pid 33275)
Compiled bootstrap-scrollspy.js  (0ms)  (pid 33275)
Compiled bootstrap-tab.js  (0ms)  (pid 33275)
Compiled bootstrap-tooltip.js  (0ms)  (pid 33275)
Compiled bootstrap-popover.js  (0ms)  (pid 33275)
Compiled bootstrap-typeahead.js  (0ms)  (pid 33275)
Compiled bootstrap.js  (76ms)  (pid 33275)
Compiled application.js  (275ms)  (pid 33275)
Warning. Error encountered while saving cache /home/smartwifi/test/configServer/tmp/cache/sass/176295ee90199d2d4039ca6fe7c16b312c100814/admins.css.scssc: can't dump anonymous class #<Class:0x000000030447e8>
Compiled admins.css  (27ms)  (pid 33275)
Warning. Error encountered while saving cache /home/smartwifi/test/configServer/tmp/cache/sass/176295ee90199d2d4039ca6fe7c16b312c100814/custom.css.scssc: can't dump anonymous class #<Class:0x000000030447e8>
Warning. Error encountered while saving cache /home/smartwifi/test/configServer/tmp/cache/sass/a687074d48e716b28c18503ece95cead85b385b5/_bootstrap.scssc: can't dump anonymous class #<Class:0x000000030447e8>
Warning. Error encountered while saving cache /home/smartwifi/test/configServer/tmp/cache/sass/3b8041ed1a0c7ebba1160cae2e8ea25803d16c56/_variables.scssc: can't dump anonymous class #<Class:0x000000030447e8>
Warning. Error encountered while saving cache /home/smartwifi/test/configServer/tmp/cache/sass/3b8041ed1a0c7ebba1160cae2e8ea25803d16c56/_mixins.scssc: can't dump anonymous class #<Class:0x000000030447e8>
Warning. Error encountered while saving cache /home/smartwifi/test/configServer/tmp/cache/sass/3b8041ed1a0c7ebba1160cae2e8ea25803d16c56/_reset.scssc: can't dump anonymous class #<Class:0x000000030447e8>
Warning. Error encountered while saving cache /home/smartwifi/test/configServer/tmp/cache/sass/3b8041ed1a0c7ebba1160cae2e8ea25803d16c56/_scaffolding.scssc: can't dump anonymous class #<Class:0x000000030447e8>
Warning. Error encountered while saving cache /home/smartwifi/test/configServer/tmp/cache/sass/3b8041ed1a0c7ebba1160cae2e8ea25803d16c56/_grid.scssc: can't dump anonymous class #<Class:0x000000030447e8>
Warning. Error encountered while saving cache /home/smartwifi/test/configServer/tmp/cache/sass/3b8041ed1a0c7ebba1160cae2e8ea25803d16c56/_layouts.scssc: can't dump anonymous class #<Class:0x000000030447e8>
Warning. Error encountered while saving cache /home/smartwifi/test/configServer/tmp/cache/sass/3b8041ed1a0c7ebba1160cae2e8ea25803d16c56/_type.scssc: can't dump anonymous class #<Class:0x000000030447e8>
Warning. Error encountered while saving cache /home/smartwifi/test/configServer/tmp/cache/sass/3b8041ed1a0c7ebba1160cae2e8ea25803d16c56/_code.scssc: can't dump anonymous class #<Class:0x000000030447e8>
Warning. Error encountered while saving cache /home/smartwifi/test/configServer/tmp/cache/sass/3b8041ed1a0c7ebba1160cae2e8ea25803d16c56/_forms.scssc: can't dump anonymous class #<Class:0x000000030447e8>
Warning. Error encountered while saving cache /home/smartwifi/test/configServer/tmp/cache/sass/3b8041ed1a0c7ebba1160cae2e8ea25803d16c56/_tables.scssc: can't dump anonymous class #<Class:0x000000030447e8>
Warning. Error encountered while saving cache /home/smartwifi/test/configServer/tmp/cache/sass/3b8041ed1a0c7ebba1160cae2e8ea25803d16c56/_sprites.scssc: can't dump anonymous class #<Class:0x000000030447e8>
Warning. Error encountered while saving cache /home/smartwifi/test/configServer/tmp/cache/sass/3b8041ed1a0c7ebba1160cae2e8ea25803d16c56/_dropdowns.scssc: can't dump anonymous class #<Class:0x000000030447e8>
Warning. Error encountered while saving cache /home/smartwifi/test/configServer/tmp/cache/sass/3b8041ed1a0c7ebba1160cae2e8ea25803d16c56/_wells.scssc: can't dump anonymous class #<Class:0x000000030447e8>
Warning. Error encountered while saving cache /home/smartwifi/test/configServer/tmp/cache/sass/3b8041ed1a0c7ebba1160cae2e8ea25803d16c56/_component-animations.scssc: can't dump anonymous class #<Class:0x000000030447e8>
Warning. Error encountered while saving cache /home/smartwifi/test/configServer/tmp/cache/sass/3b8041ed1a0c7ebba1160cae2e8ea25803d16c56/_close.scssc: can't dump anonymous class #<Class:0x000000030447e8>
Warning. Error encountered while saving cache /home/smartwifi/test/configServer/tmp/cache/sass/3b8041ed1a0c7ebba1160cae2e8ea25803d16c56/_buttons.scssc: can't dump anonymous class #<Class:0x000000030447e8>
Warning. Error encountered while saving cache /home/smartwifi/test/configServer/tmp/cache/sass/3b8041ed1a0c7ebba1160cae2e8ea25803d16c56/_button-groups.scssc: can't dump anonymous class #<Class:0x000000030447e8>
Warning. Error encountered while saving cache /home/smartwifi/test/configServer/tmp/cache/sass/3b8041ed1a0c7ebba1160cae2e8ea25803d16c56/_alerts.scssc: can't dump anonymous class #<Class:0x000000030447e8>
Warning. Error encountered while saving cache /home/smartwifi/test/configServer/tmp/cache/sass/3b8041ed1a0c7ebba1160cae2e8ea25803d16c56/_navs.scssc: can't dump anonymous class #<Class:0x000000030447e8>
Warning. Error encountered while saving cache /home/smartwifi/test/configServer/tmp/cache/sass/3b8041ed1a0c7ebba1160cae2e8ea25803d16c56/_navbar.scssc: can't dump anonymous class #<Class:0x000000030447e8>
Warning. Error encountered while saving cache /home/smartwifi/test/configServer/tmp/cache/sass/3b8041ed1a0c7ebba1160cae2e8ea25803d16c56/_breadcrumbs.scssc: can't dump anonymous class #<Class:0x000000030447e8>
Warning. Error encountered while saving cache /home/smartwifi/test/configServer/tmp/cache/sass/3b8041ed1a0c7ebba1160cae2e8ea25803d16c56/_pagination.scssc: can't dump anonymous class #<Class:0x000000030447e8>
Warning. Error encountered while saving cache /home/smartwifi/test/configServer/tmp/cache/sass/3b8041ed1a0c7ebba1160cae2e8ea25803d16c56/_pager.scssc: can't dump anonymous class #<Class:0x000000030447e8>
Warning. Error encountered while saving cache /home/smartwifi/test/configServer/tmp/cache/sass/3b8041ed1a0c7ebba1160cae2e8ea25803d16c56/_modals.scssc: can't dump anonymous class #<Class:0x000000030447e8>
Warning. Error encountered while saving cache /home/smartwifi/test/configServer/tmp/cache/sass/3b8041ed1a0c7ebba1160cae2e8ea25803d16c56/_tooltip.scssc: can't dump anonymous class #<Class:0x000000030447e8>
Warning. Error encountered while saving cache /home/smartwifi/test/configServer/tmp/cache/sass/3b8041ed1a0c7ebba1160cae2e8ea25803d16c56/_popovers.scssc: can't dump anonymous class #<Class:0x000000030447e8>
Warning. Error encountered while saving cache /home/smartwifi/test/configServer/tmp/cache/sass/3b8041ed1a0c7ebba1160cae2e8ea25803d16c56/_thumbnails.scssc: can't dump anonymous class #<Class:0x000000030447e8>
Warning. Error encountered while saving cache /home/smartwifi/test/configServer/tmp/cache/sass/3b8041ed1a0c7ebba1160cae2e8ea25803d16c56/_labels-badges.scssc: can't dump anonymous class #<Class:0x000000030447e8>
Warning. Error encountered while saving cache /home/smartwifi/test/configServer/tmp/cache/sass/3b8041ed1a0c7ebba1160cae2e8ea25803d16c56/_progress-bars.scssc: can't dump anonymous class #<Class:0x000000030447e8>
Warning. Error encountered while saving cache /home/smartwifi/test/configServer/tmp/cache/sass/3b8041ed1a0c7ebba1160cae2e8ea25803d16c56/_accordion.scssc: can't dump anonymous class #<Class:0x000000030447e8>
Warning. Error encountered while saving cache /home/smartwifi/test/configServer/tmp/cache/sass/3b8041ed1a0c7ebba1160cae2e8ea25803d16c56/_carousel.scssc: can't dump anonymous class #<Class:0x000000030447e8>
Warning. Error encountered while saving cache /home/smartwifi/test/configServer/tmp/cache/sass/3b8041ed1a0c7ebba1160cae2e8ea25803d16c56/_hero-unit.scssc: can't dump anonymous class #<Class:0x000000030447e8>
Warning. Error encountered while saving cache /home/smartwifi/test/configServer/tmp/cache/sass/3b8041ed1a0c7ebba1160cae2e8ea25803d16c56/_utilities.scssc: can't dump anonymous class #<Class:0x000000030447e8>
Compiled custom.css  (1071ms)  (pid 33275)
Warning. Error encountered while saving cache /home/smartwifi/test/configServer/tmp/cache/sass/176295ee90199d2d4039ca6fe7c16b312c100814/logs.css.scssc: can't dump anonymous class #<Class:0x000000030447e8>
Compiled logs.css  (1ms)  (pid 33275)
Compiled register/bootstrap-switch.css  (0ms)  (pid 33275)
Compiled register/bootstrap.min.css  (0ms)  (pid 33275)
Compiled register/css.css  (0ms)  (pid 33275)
Compiled register/default.css  (0ms)  (pid 33275)
Compiled register/font-awesome.min.css  (0ms)  (pid 33275)
Compiled register/ionicons.min.css  (0ms)  (pid 33275)
Compiled register/jquery.pnotify.default.css  (0ms)  (pid 33275)
Compiled register/jquery.pnotify.default.icons.css  (0ms)  (pid 33275)
Compiled register/plugins.css  (0ms)  (pid 33275)
Compiled register/print.css  (0ms)  (pid 33275)
Compiled register/select2-metronic.css  (0ms)  (pid 33275)
Compiled register/select2.css  (0ms)  (pid 33275)
Compiled register/signin.css  (0ms)  (pid 33275)
Compiled register/style-responsive.css  (0ms)  (pid 33275)
Compiled register/style.css  (0ms)  (pid 33275)
Compiled register/tasks.css  (0ms)  (pid 33275)
Compiled register/uniform.default.css  (0ms)  (pid 33275)
Warning. Error encountered while saving cache /home/smartwifi/test/configServer/tmp/cache/sass/176295ee90199d2d4039ca6fe7c16b312c100814/scaffolds.css.scssc: can't dump anonymous class #<Class:0x000000030447e8>
Compiled scaffolds.css  (8ms)  (pid 33275)
Warning. Error encountered while saving cache /home/smartwifi/test/configServer/tmp/cache/sass/176295ee90199d2d4039ca6fe7c16b312c100814/timeline.css.scssc: can't dump anonymous class #<Class:0x000000030447e8>
Compiled timeline.css  (18ms)  (pid 33275)
Warning. Error encountered while saving cache /home/smartwifi/test/configServer/tmp/cache/sass/176295ee90199d2d4039ca6fe7c16b312c100814/upload.css.scssc: can't dump anonymous class #<Class:0x000000030447e8>
Compiled upload.css  (1ms)  (pid 33275)
Compiled font-awesome.css  (52ms)  (pid 33275)
Compiled application.css  (1313ms)  (pid 33275)
Started GET "/" for 103.41.53.252 at 2015-11-30 13:06:44 +0800
Processing by AdminsController#login as */*
  Rendered admins/login.html.erb within layouts/application (1.9ms)
  Rendered shared/_shim.html.erb (0.3ms)
  Rendered shared/_header.html.erb (1.5ms)
  Rendered layouts/_footer.html.erb (0.8ms)
Completed 200 OK in 13ms (Views: 12.7ms | ActiveRecord: 0.0ms)
Compiled jquery.js  (23ms)  (pid 33491)
Compiled jquery_ujs.js  (0ms)  (pid 33491)
Compiled address.js  (1ms)  (pid 33491)
Compiled admins.js  (56ms)  (pid 33491)
Compiled bootstrap-switch.min.js  (0ms)  (pid 33491)
Compiled bootstrap.min.js  (0ms)  (pid 33491)
Compiled global.js  (0ms)  (pid 33491)
Compiled jquery-1.11.0.js  (1ms)  (pid 33491)
Compiled jquery.pnotify.js  (0ms)  (pid 33491)
Compiled jquery.validate.min.js  (0ms)  (pid 33491)
Compiled logs.js  (1ms)  (pid 33491)
Compiled md5.js  (0ms)  (pid 33491)
Compiled messages_zh.js  (0ms)  (pid 33491)
Compiled resources.js  (0ms)  (pid 33491)
Compiled upload.js  (0ms)  (pid 33491)
Compiled bootstrap-transition.js  (0ms)  (pid 33491)
Compiled bootstrap-alert.js  (0ms)  (pid 33491)
Compiled bootstrap-button.js  (0ms)  (pid 33491)
Compiled bootstrap-carousel.js  (0ms)  (pid 33491)
Compiled bootstrap-collapse.js  (0ms)  (pid 33491)
Compiled bootstrap-dropdown.js  (0ms)  (pid 33491)
Compiled bootstrap-modal.js  (0ms)  (pid 33491)
Compiled bootstrap-scrollspy.js  (0ms)  (pid 33491)
Compiled bootstrap-tab.js  (0ms)  (pid 33491)
Compiled bootstrap-tooltip.js  (0ms)  (pid 33491)
Compiled bootstrap-popover.js  (0ms)  (pid 33491)
Compiled bootstrap-typeahead.js  (0ms)  (pid 33491)
Compiled bootstrap.js  (72ms)  (pid 33491)
Compiled application.js  (261ms)  (pid 33491)
Warning. Error encountered while saving cache /home/smartwifi/test/configServer/tmp/cache/sass/176295ee90199d2d4039ca6fe7c16b312c100814/admins.css.scssc: can't dump anonymous class #<Class:0x00000004e2b248>
Compiled admins.css  (26ms)  (pid 33491)
Warning. Error encountered while saving cache /home/smartwifi/test/configServer/tmp/cache/sass/176295ee90199d2d4039ca6fe7c16b312c100814/custom.css.scssc: can't dump anonymous class #<Class:0x00000004e2b248>
Warning. Error encountered while saving cache /home/smartwifi/test/configServer/tmp/cache/sass/a687074d48e716b28c18503ece95cead85b385b5/_bootstrap.scssc: can't dump anonymous class #<Class:0x00000004e2b248>
Warning. Error encountered while saving cache /home/smartwifi/test/configServer/tmp/cache/sass/3b8041ed1a0c7ebba1160cae2e8ea25803d16c56/_variables.scssc: can't dump anonymous class #<Class:0x00000004e2b248>
Warning. Error encountered while saving cache /home/smartwifi/test/configServer/tmp/cache/sass/3b8041ed1a0c7ebba1160cae2e8ea25803d16c56/_mixins.scssc: can't dump anonymous class #<Class:0x00000004e2b248>
Warning. Error encountered while saving cache /home/smartwifi/test/configServer/tmp/cache/sass/3b8041ed1a0c7ebba1160cae2e8ea25803d16c56/_reset.scssc: can't dump anonymous class #<Class:0x00000004e2b248>
Warning. Error encountered while saving cache /home/smartwifi/test/configServer/tmp/cache/sass/3b8041ed1a0c7ebba1160cae2e8ea25803d16c56/_scaffolding.scssc: can't dump anonymous class #<Class:0x00000004e2b248>
Warning. Error encountered while saving cache /home/smartwifi/test/configServer/tmp/cache/sass/3b8041ed1a0c7ebba1160cae2e8ea25803d16c56/_grid.scssc: can't dump anonymous class #<Class:0x00000004e2b248>
Warning. Error encountered while saving cache /home/smartwifi/test/configServer/tmp/cache/sass/3b8041ed1a0c7ebba1160cae2e8ea25803d16c56/_layouts.scssc: can't dump anonymous class #<Class:0x00000004e2b248>
Warning. Error encountered while saving cache /home/smartwifi/test/configServer/tmp/cache/sass/3b8041ed1a0c7ebba1160cae2e8ea25803d16c56/_type.scssc: can't dump anonymous class #<Class:0x00000004e2b248>
Warning. Error encountered while saving cache /home/smartwifi/test/configServer/tmp/cache/sass/3b8041ed1a0c7ebba1160cae2e8ea25803d16c56/_code.scssc: can't dump anonymous class #<Class:0x00000004e2b248>
Warning. Error encountered while saving cache /home/smartwifi/test/configServer/tmp/cache/sass/3b8041ed1a0c7ebba1160cae2e8ea25803d16c56/_forms.scssc: can't dump anonymous class #<Class:0x00000004e2b248>
Warning. Error encountered while saving cache /home/smartwifi/test/configServer/tmp/cache/sass/3b8041ed1a0c7ebba1160cae2e8ea25803d16c56/_tables.scssc: can't dump anonymous class #<Class:0x00000004e2b248>
Warning. Error encountered while saving cache /home/smartwifi/test/configServer/tmp/cache/sass/3b8041ed1a0c7ebba1160cae2e8ea25803d16c56/_sprites.scssc: can't dump anonymous class #<Class:0x00000004e2b248>
Warning. Error encountered while saving cache /home/smartwifi/test/configServer/tmp/cache/sass/3b8041ed1a0c7ebba1160cae2e8ea25803d16c56/_dropdowns.scssc: can't dump anonymous class #<Class:0x00000004e2b248>
Warning. Error encountered while saving cache /home/smartwifi/test/configServer/tmp/cache/sass/3b8041ed1a0c7ebba1160cae2e8ea25803d16c56/_wells.scssc: can't dump anonymous class #<Class:0x00000004e2b248>
Warning. Error encountered while saving cache /home/smartwifi/test/configServer/tmp/cache/sass/3b8041ed1a0c7ebba1160cae2e8ea25803d16c56/_component-animations.scssc: can't dump anonymous class #<Class:0x00000004e2b248>
Warning. Error encountered while saving cache /home/smartwifi/test/configServer/tmp/cache/sass/3b8041ed1a0c7ebba1160cae2e8ea25803d16c56/_close.scssc: can't dump anonymous class #<Class:0x00000004e2b248>
Warning. Error encountered while saving cache /home/smartwifi/test/configServer/tmp/cache/sass/3b8041ed1a0c7ebba1160cae2e8ea25803d16c56/_buttons.scssc: can't dump anonymous class #<Class:0x00000004e2b248>
Warning. Error encountered while saving cache /home/smartwifi/test/configServer/tmp/cache/sass/3b8041ed1a0c7ebba1160cae2e8ea25803d16c56/_button-groups.scssc: can't dump anonymous class #<Class:0x00000004e2b248>
Warning. Error encountered while saving cache /home/smartwifi/test/configServer/tmp/cache/sass/3b8041ed1a0c7ebba1160cae2e8ea25803d16c56/_alerts.scssc: can't dump anonymous class #<Class:0x00000004e2b248>
Warning. Error encountered while saving cache /home/smartwifi/test/configServer/tmp/cache/sass/3b8041ed1a0c7ebba1160cae2e8ea25803d16c56/_navs.scssc: can't dump anonymous class #<Class:0x00000004e2b248>
Warning. Error encountered while saving cache /home/smartwifi/test/configServer/tmp/cache/sass/3b8041ed1a0c7ebba1160cae2e8ea25803d16c56/_navbar.scssc: can't dump anonymous class #<Class:0x00000004e2b248>
Warning. Error encountered while saving cache /home/smartwifi/test/configServer/tmp/cache/sass/3b8041ed1a0c7ebba1160cae2e8ea25803d16c56/_breadcrumbs.scssc: can't dump anonymous class #<Class:0x00000004e2b248>
Warning. Error encountered while saving cache /home/smartwifi/test/configServer/tmp/cache/sass/3b8041ed1a0c7ebba1160cae2e8ea25803d16c56/_pagination.scssc: can't dump anonymous class #<Class:0x00000004e2b248>
Warning. Error encountered while saving cache /home/smartwifi/test/configServer/tmp/cache/sass/3b8041ed1a0c7ebba1160cae2e8ea25803d16c56/_pager.scssc: can't dump anonymous class #<Class:0x00000004e2b248>
Warning. Error encountered while saving cache /home/smartwifi/test/configServer/tmp/cache/sass/3b8041ed1a0c7ebba1160cae2e8ea25803d16c56/_modals.scssc: can't dump anonymous class #<Class:0x00000004e2b248>
Warning. Error encountered while saving cache /home/smartwifi/test/configServer/tmp/cache/sass/3b8041ed1a0c7ebba1160cae2e8ea25803d16c56/_tooltip.scssc: can't dump anonymous class #<Class:0x00000004e2b248>
Warning. Error encountered while saving cache /home/smartwifi/test/configServer/tmp/cache/sass/3b8041ed1a0c7ebba1160cae2e8ea25803d16c56/_popovers.scssc: can't dump anonymous class #<Class:0x00000004e2b248>
Warning. Error encountered while saving cache /home/smartwifi/test/configServer/tmp/cache/sass/3b8041ed1a0c7ebba1160cae2e8ea25803d16c56/_thumbnails.scssc: can't dump anonymous class #<Class:0x00000004e2b248>
Warning. Error encountered while saving cache /home/smartwifi/test/configServer/tmp/cache/sass/3b8041ed1a0c7ebba1160cae2e8ea25803d16c56/_labels-badges.scssc: can't dump anonymous class #<Class:0x00000004e2b248>
Warning. Error encountered while saving cache /home/smartwifi/test/configServer/tmp/cache/sass/3b8041ed1a0c7ebba1160cae2e8ea25803d16c56/_progress-bars.scssc: can't dump anonymous class #<Class:0x00000004e2b248>
Warning. Error encountered while saving cache /home/smartwifi/test/configServer/tmp/cache/sass/3b8041ed1a0c7ebba1160cae2e8ea25803d16c56/_accordion.scssc: can't dump anonymous class #<Class:0x00000004e2b248>
Warning. Error encountered while saving cache /home/smartwifi/test/configServer/tmp/cache/sass/3b8041ed1a0c7ebba1160cae2e8ea25803d16c56/_carousel.scssc: can't dump anonymous class #<Class:0x00000004e2b248>
Warning. Error encountered while saving cache /home/smartwifi/test/configServer/tmp/cache/sass/3b8041ed1a0c7ebba1160cae2e8ea25803d16c56/_hero-unit.scssc: can't dump anonymous class #<Class:0x00000004e2b248>
Warning. Error encountered while saving cache /home/smartwifi/test/configServer/tmp/cache/sass/3b8041ed1a0c7ebba1160cae2e8ea25803d16c56/_utilities.scssc: can't dump anonymous class #<Class:0x00000004e2b248>
Compiled custom.css  (1049ms)  (pid 33491)
Warning. Error encountered while saving cache /home/smartwifi/test/configServer/tmp/cache/sass/176295ee90199d2d4039ca6fe7c16b312c100814/logs.css.scssc: can't dump anonymous class #<Class:0x00000004e2b248>
Compiled logs.css  (1ms)  (pid 33491)
Compiled register/bootstrap-switch.css  (0ms)  (pid 33491)
Compiled register/bootstrap.min.css  (0ms)  (pid 33491)
Compiled register/css.css  (0ms)  (pid 33491)
Compiled register/default.css  (0ms)  (pid 33491)
Compiled register/font-awesome.min.css  (0ms)  (pid 33491)
Compiled register/ionicons.min.css  (0ms)  (pid 33491)
Compiled register/jquery.pnotify.default.css  (0ms)  (pid 33491)
Compiled register/jquery.pnotify.default.icons.css  (0ms)  (pid 33491)
Compiled register/plugins.css  (0ms)  (pid 33491)
Compiled register/print.css  (0ms)  (pid 33491)
Compiled register/select2-metronic.css  (0ms)  (pid 33491)
Compiled register/select2.css  (0ms)  (pid 33491)
Compiled register/signin.css  (0ms)  (pid 33491)
Compiled register/style-responsive.css  (0ms)  (pid 33491)
Compiled register/style.css  (0ms)  (pid 33491)
Compiled register/tasks.css  (0ms)  (pid 33491)
Compiled register/uniform.default.css  (0ms)  (pid 33491)
Warning. Error encountered while saving cache /home/smartwifi/test/configServer/tmp/cache/sass/176295ee90199d2d4039ca6fe7c16b312c100814/scaffolds.css.scssc: can't dump anonymous class #<Class:0x00000004e2b248>
Compiled scaffolds.css  (7ms)  (pid 33491)
Warning. Error encountered while saving cache /home/smartwifi/test/configServer/tmp/cache/sass/176295ee90199d2d4039ca6fe7c16b312c100814/timeline.css.scssc: can't dump anonymous class #<Class:0x00000004e2b248>
Compiled timeline.css  (17ms)  (pid 33491)
Warning. Error encountered while saving cache /home/smartwifi/test/configServer/tmp/cache/sass/176295ee90199d2d4039ca6fe7c16b312c100814/upload.css.scssc: can't dump anonymous class #<Class:0x00000004e2b248>
Compiled upload.css  (1ms)  (pid 33491)
Compiled font-awesome.css  (52ms)  (pid 33491)
Compiled application.css  (1285ms)  (pid 33491)
